Arguments: 
  /Users/terakadomio/.nodenv/versions/18.12.0/bin/node /Users/terakadomio/.nodenv/versions/18.12.0/bin/yarn add v1.22.1

PATH: 
  /Users/terakadomio/.nodenv/versions/18.12.0/bin:/opt/homebrew/Cellar/nodenv/1.4.1/libexec:/Users/terakadomio/.nodenv/shims:/Users/terakadomio/.progate/bin:/Users/terakadomio/.rbenv/shims:/Users/terakadomio/.rbenv/bin:PATH:/usr/local/bin(N-/)PATH:/opt/homebrew/sbin(N-/)PATH:/opt/homebrew/bin(N-/)/Users/terakadomio/.pyenv/shims:/Users/terakadomio/.pyenv/bin:/opt/homebrew/bin:/opt/homebrew/sbin:/usr/local/bin:/usr/bin:/bin:/usr/sbin:/sbin:/Library/TeX/texbin:/opt/X11/bin:/Users/terakadomio/.nodenv/shims:/Users/terakadomio/.progate/bin:/Users/terakadomio/.rbenv/shims:/Users/terakadomio/.rbenv/bin:PATH:/usr/local/bin(N-/)PATH:/opt/homebrew/sbin(N-/)PATH:/opt/homebrew/bin(N-/)/Users/terakadomio/.pyenv/shims:/Users/terakadomio/.pyenv/bin:/opt/homebrew/bin/:/usr/local/texlive/2022/bin/universal-darwin:yarn global bin:/opt/homebrew/bin/:/usr/local/texlive/2022/bin/universal-darwin:yarn global bin

Yarn version: 
  1.22.19

Node version: 
  18.12.0

Platform: 
  darwin arm64

Trace: 
  Error: https://registry.yarnpkg.com/v1.22.1: Not found
      at params.callback [as _callback] (/Users/terakadomio/.nodenv/versions/18.12.0/lib/node_modules/yarn/lib/cli.js:66145:18)
      at self.callback (/Users/terakadomio/.nodenv/versions/18.12.0/lib/node_modules/yarn/lib/cli.js:140890:22)
      at Request.emit (node:events:513:28)
      at Request.<anonymous> (/Users/terakadomio/.nodenv/versions/18.12.0/lib/node_modules/yarn/lib/cli.js:141862:10)
      at Request.emit (node:events:513:28)
      at IncomingMessage.<anonymous> (/Users/terakadomio/.nodenv/versions/18.12.0/lib/node_modules/yarn/lib/cli.js:141784:12)
      at Object.onceWrapper (node:events:627:28)
      at IncomingMessage.emit (node:events:525:35)
      at endReadableNT (node:internal/streams/readable:1359:12)
      at process.processTicksAndRejections (node:internal/process/task_queues:82:21)

npm manifest: 
  {
    "dependencies": {
      "jquery": "^3.6.3"
    }
  }

yarn manifest: 
  No manifest

Lockfile: 
  # THIS IS AN AUTOGENERATED FILE. DO NOT EDIT THIS FILE DIRECTLY.
  # yarn lockfile v1
  
  
  jquery@^3.6.3:
    version "3.6.3"
    resolved "https://registry.yarnpkg.com/jquery/-/jquery-3.6.3.tgz#23ed2ffed8a19e048814f13391a19afcdba160e6"
    integrity sha512-bZ5Sy3YzKo9Fyc8wH2iIQK4JImJ6R0GWI9kL1/k7Z91ZBNgkRXE6U0JfHIizZbort8ZunhSI3jw9I6253ahKfg==
